<?xml version="1.0" encoding="UTF-8"?>
<!-- Generated by org.testng.reporters.JUnitReportReporter -->
<testsuite hostname="Sasha" failures="0" tests="1" name="Annot2" time="4.319" errors="0" timestamp="16 Jul 2018 18:23:32 GMT" skipped="0">
  <testcase classname="Annot2" name="Login" time="4.319"/>
</testsuite> <!-- Annot2 -->
