<?xml version="1.0" encoding="UTF-8"?>
<!-- Generated by org.testng.reporters.JUnitReportReporter -->
<testsuite skipped="0" hostname="Sasha" name="Second" tests="1" failures="0" timestamp="26 Sep 2018 14:46:40 GMT" time="0.001" errors="0">
  <testcase name="vtoroiOne" time="0.001" classname="Second"/>
</testsuite> <!-- Second -->
