<?xml version="1.0" encoding="UTF-8"?>
<!-- Generated by org.testng.reporters.JUnitReportReporter -->
<testsuite skipped="0" hostname="Sasha" name="Third" tests="2" failures="0" timestamp="08 Oct 2018 13:53:47 GMT" time="0.002" errors="0">
  <testcase name="tes" time="0.001" classname="Third"/>
  <testcase name="tesa" time="0.001" classname="Third"/>
</testsuite> <!-- Third -->
