<?xml version="1.0" encoding="UTF-8"?>
<!-- Generated by org.testng.reporters.JUnitReportReporter -->
<testsuite skipped="0" hostname="Sasha" name="Annot2" tests="3" failures="0" timestamp="08 Oct 2018 14:16:06 GMT" time="0.009" errors="0">
  <testcase name="IF" time="0.006" classname="Annot2"/>
  <testcase name="online" time="0.002" classname="Annot2"/>
  <testcase name="Second" time="0.001" classname="Annot2"/>
</testsuite> <!-- Annot2 -->
