<?xml version="1.0" encoding="UTF-8"?>
<!-- Generated by org.testng.reporters.JUnitReportReporter -->
<testsuite skipped="0" hostname="Sasha" name="Second" tests="2" failures="0" timestamp="08 Oct 2018 14:16:06 GMT" time="0.003" errors="0">
  <testcase name="My" time="0.001" classname="Second"/>
  <testcase name="just" time="0.002" classname="Second"/>
</testsuite> <!-- Second -->
