<?xml version="1.0" encoding="UTF-8"?>
<!-- Generated by org.testng.reporters.JUnitReportReporter -->
<testsuite skipped="0" hostname="Sasha" name="secPack.JustOnecl" tests="1" failures="0" timestamp="09 Oct 2018 03:01:12 GMT" time="0.009" errors="0">
  <testcase name="FFFF" time="0.009" classname="secPack.JustOnecl"/>
</testsuite> <!-- secPack.JustOnecl -->
