<?xml version="1.0" encoding="UTF-8"?>
<!-- Generated by org.testng.reporters.JUnitReportReporter -->
<testsuite skipped="0" hostname="Sasha" name="FirstAno" tests="3" failures="0" timestamp="08 Oct 2018 13:37:53 GMT" time="0.000" errors="0">
  <testcase name="Second" time="0.000" classname="FirstAno"/>
  <testcase name="online" time="0.000" classname="FirstAno"/>
  <testcase name="IF" time="0.000" classname="FirstAno"/>
</testsuite> <!-- FirstAno -->
