<?xml version="1.0" encoding="UTF-8"?>
<!-- Generated by org.testng.reporters.JUnitReportReporter -->
<testsuite hostname="Sasha" failures="0" tests="9" name="test.Day3" time="0.022" errors="0" timestamp="16 Jul 2018 18:14:24 GMT" skipped="1">
  <testcase classname="test.Day3" name="WeblogincarLoannn" time="0.002"/>
  <testcase classname="test.Day3" name="SignOut" time="0.003"/>
  <testcase classname="test.Day3" name="EXXX" time="0.001"/>
  <testcase classname="test.Day3" name="APIcarLoan" time="0.002"/>
  <testcase classname="test.Day3" name="WebloginCarLoan" time="0.006"/>
  <testcase classname="test.Day3" name="WeblogincarLoannn" time="0.002"/>
  <testcase classname="test.Day3" name="WeblogincarLoannn" time="0.003"/>
  <testcase classname="test.Day3" name="MobileLoginCarLoan" time="0.003"/>
  <testcase classname="test.Day3" name="APISecond">
    <skipped/>
  </testcase> <!-- APISecond -->
</testsuite> <!-- test.Day3 -->
