<?xml version="1.0" encoding="UTF-8"?>
<!-- Generated by org.testng.reporters.JUnitReportReporter -->
<testsuite hostname="Sasha" failures="0" tests="1" name="test.Test2" time="0.008" errors="0" timestamp="14 Jul 2018 19:06:58 GMT" skipped="0">
  <testcase classname="test.Test2" name="ploan" time="0.008"/>
</testsuite> <!-- test.Test2 -->
