<?xml version="1.0" encoding="UTF-8"?>
<!-- Generated by org.testng.reporters.JUnitReportReporter -->
<testsuite hostname="Sasha" failures="0" tests="3" name="test.Day4" time="0.010" errors="0" timestamp="14 Jul 2018 19:06:58 GMT" skipped="0">
  <testcase classname="test.Day4" name="MobileLoginHomeLoan" time="0.001"/>
  <testcase classname="test.Day4" name="WebloginHomeLoan" time="0.001"/>
  <testcase classname="test.Day4" name="LoginAPIHomeLoan" time="0.008"/>
</testsuite> <!-- test.Day4 -->
