<?xml version="1.0" encoding="UTF-8"?>
<!-- Generated by org.testng.reporters.JUnitReportReporter -->
<testsuite skipped="0" hostname="Sasha" name="b" tests="1" failures="0" timestamp="10 Oct 2018 01:49:26 GMT" time="0.016" errors="0">
  <testcase name="fff" time="0.016" classname="b"/>
</testsuite> <!-- b -->
